<?xml version="1.0" encoding="UTF-8"?>
<!-- Generated by org.testng.reporters.JUnitXMLReporter -->
<testsuite hostname="NB086906" name="Default test" tests="3" failures="0" timestamp="1 Oct 2016 11:13:05 GMT" time="0.121" errors="0">
  <testcase name="test1" time="0.036" classname="fr.erdprt.testng.samples.SampleTest"/>
  <testcase name="test2" time="0.005" classname="fr.erdprt.testng.samples.SampleTest"/>
  <testcase name="test3" time="0.01" classname="fr.erdprt.testng.samples.SampleTest"/>
</testsuite> <!-- Default test -->
