<?xml version="1.0" encoding="UTF-8"?>
<testng-results skipped="0" failed="0" total="3" passed="3">
  <reporter-output>
  </reporter-output>
  <suite name="Default suite" duration-ms="121" started-at="2016-10-01T11:13:05Z" finished-at="2016-10-01T11:13:05Z">
    <groups>
      <group name="groupA">
        <method signature="SampleTest.test2()[pri:0, instance:fr.erdprt.testng.samples.SampleTest@4fb64261]" name="test2" class="fr.erdprt.testng.samples.SampleTest"/>
      </group> <!-- groupA -->
    </groups>
    <test name="Default test" duration-ms="121" started-at="2016-10-01T11:13:05Z" finished-at="2016-10-01T11:13:05Z">
      <class name="fr.erdprt.testng.samples.SampleTest">
        <test-method status="PASS" signature="test1()[pri:0, instance:fr.erdprt.testng.samples.SampleTest@4fb64261]" name="test1" duration-ms="36" started-at="2016-10-01T13:13:05Z" finished-at="2016-10-01T13:13:05Z">
          <reporter-output>
          </reporter-output>
        </test-method> <!-- test1 -->
        <test-method status="PASS" signature="beforeGroupA()[pri:0, instance:fr.erdprt.testng.samples.SampleTest@4fb64261]" name="beforeGroupA" is-config="true" duration-ms="0" started-at="2016-10-01T13:13:05Z" finished-at="2016-10-01T13:13:05Z">
          <reporter-output>
          </reporter-output>
        </test-method> <!-- beforeGroupA -->
        <test-method status="PASS" signature="test2()[pri:0, instance:fr.erdprt.testng.samples.SampleTest@4fb64261]" name="test2" duration-ms="5" started-at="2016-10-01T13:13:05Z" finished-at="2016-10-01T13:13:05Z">
          <reporter-output>
          </reporter-output>
        </test-method> <!-- test2 -->
        <test-method status="PASS" signature="test3()[pri:0, instance:fr.erdprt.testng.samples.SampleTest@4fb64261]" name="test3" duration-ms="10" started-at="2016-10-01T13:13:05Z" finished-at="2016-10-01T13:13:05Z">
          <reporter-output>
          </reporter-output>
        </test-method> <!-- test3 -->
      </class> <!-- fr.erdprt.testng.samples.SampleTest -->
    </test> <!-- Default test -->
  </suite> <!-- Default suite -->
</testng-results>
